[2025-09-22 13:43:37] [WARNING] Impossible de convertir la colonne 'Hogwarts House' en numérique. (pair_plot.py:51)
[2025-09-22 13:43:37] [WARNING] Impossible de convertir la colonne 'First Name' en numérique. (pair_plot.py:51)
[2025-09-22 13:43:37] [WARNING] Impossible de convertir la colonne 'Last Name' en numérique. (pair_plot.py:51)
[2025-09-22 13:43:37] [WARNING] Impossible de convertir la colonne 'Birthday' en numérique. (pair_plot.py:51)
[2025-09-22 13:43:37] [WARNING] Impossible de convertir la colonne 'Best Hand' en numérique. (pair_plot.py:51)
[2025-09-22 13:43:37] [INFO] Données du fichier '../datasets/dataset_train.csv' récupérer avec succès :
   Index Hogwarts House First Name  Last Name    Birthday Best Hand  Arithmancy  ...  Ancient Runes  History of Magic  Transfiguration   Potions  Care of Magical Creatures     Charms  Flying
0      0      Ravenclaw     Tamara        Hsu  2000-03-30      Left     58384.0  ...     532.484226          5.231058      1039.788281  3.790369                   0.715939 -232.79405  -26.89
1      1      Slytherin      Erich    Paredes  1999-10-14     Right     67239.0  ...     367.760303          4.107170      1058.944592  7.248742                   0.091674 -252.18425 -113.45
2      2      Ravenclaw   Stephany      Braun  1999-11-03      Left     23702.0  ...     602.585284          3.555579      1088.088348  8.728531                  -0.515327 -227.34265   30.42
3      3     Gryffindor      Vesta  Mcmichael  2000-08-19      Left     32667.0  ...     523.982133         -4.809637       920.391449  0.821911                  -0.014040 -256.84675  200.64
4      4     Gryffindor     Gaston      Gibbs  1998-09-27      Left     60158.0  ...     599.324514         -3.444377       937.434724  4.311066                  -0.264070 -256.38730  157.98

[5 rows x 19 columns] (pair_plot.py:53)
[2025-09-22 13:43:37] [INFO] Fermeture du programme ! (pair_plot.py:89)
[2025-09-22 13:43:37] [INFO] ----------------------------------------------------------------- (pair_plot.py:90)
[2025-09-22 13:54:23] [WARNING] Impossible de convertir la colonne 'Hogwarts House' en numérique. (pair_plot.py:50)
[2025-09-22 13:54:23] [WARNING] Impossible de convertir la colonne 'First Name' en numérique. (pair_plot.py:50)
[2025-09-22 13:54:23] [WARNING] Impossible de convertir la colonne 'Last Name' en numérique. (pair_plot.py:50)
[2025-09-22 13:54:23] [WARNING] Impossible de convertir la colonne 'Birthday' en numérique. (pair_plot.py:50)
[2025-09-22 13:54:23] [WARNING] Impossible de convertir la colonne 'Best Hand' en numérique. (pair_plot.py:50)
[2025-09-22 13:54:23] [INFO] Données du fichier '../datasets/dataset_train.csv' récupérer avec succès :
   Index Hogwarts House First Name  Last Name    Birthday Best Hand  Arithmancy  ...  Ancient Runes  History of Magic  Transfiguration   Potions  Care of Magical Creatures     Charms  Flying
0      0      Ravenclaw     Tamara        Hsu  2000-03-30      Left     58384.0  ...     532.484226          5.231058      1039.788281  3.790369                   0.715939 -232.79405  -26.89
1      1      Slytherin      Erich    Paredes  1999-10-14     Right     67239.0  ...     367.760303          4.107170      1058.944592  7.248742                   0.091674 -252.18425 -113.45
2      2      Ravenclaw   Stephany      Braun  1999-11-03      Left     23702.0  ...     602.585284          3.555579      1088.088348  8.728531                  -0.515327 -227.34265   30.42
3      3     Gryffindor      Vesta  Mcmichael  2000-08-19      Left     32667.0  ...     523.982133         -4.809637       920.391449  0.821911                  -0.014040 -256.84675  200.64
4      4     Gryffindor     Gaston      Gibbs  1998-09-27      Left     60158.0  ...     599.324514         -3.444377       937.434724  4.311066                  -0.264070 -256.38730  157.98

[5 rows x 19 columns] (pair_plot.py:52)
[2025-09-22 13:54:23] [INFO] Colonnes numeriques utilisees pour le pair plot : ['Index', 'Arithmancy', 'Astronomy', 'Herbology', 'Defense Against the Dark Arts', 'Divination', 'Muggle Studies', 'Ancient Runes', 'History of Magic', 'Transfiguration', 'Potions', 'Care of Magical Creatures', 'Charms', 'Flying'] (pair_plot.py:79)
[2025-09-22 13:54:23] [CRITICAL] Erreur CRITIQUE ! (pair_plot.py:102)
[2025-09-22 13:54:23] [INFO] Fermeture du programme ! (pair_plot.py:106)
[2025-09-22 13:54:23] [INFO] ----------------------------------------------------------------- (pair_plot.py:107)
[2025-09-22 13:56:28] [WARNING] Impossible de convertir la colonne 'Hogwarts House' en numérique. (pair_plot.py:50)
[2025-09-22 13:56:28] [WARNING] Impossible de convertir la colonne 'First Name' en numérique. (pair_plot.py:50)
[2025-09-22 13:56:28] [WARNING] Impossible de convertir la colonne 'Last Name' en numérique. (pair_plot.py:50)
[2025-09-22 13:56:28] [WARNING] Impossible de convertir la colonne 'Birthday' en numérique. (pair_plot.py:50)
[2025-09-22 13:56:28] [WARNING] Impossible de convertir la colonne 'Best Hand' en numérique. (pair_plot.py:50)
[2025-09-22 13:56:28] [INFO] Données du fichier '../datasets/dataset_train.csv' récupérer avec succès :
   Index Hogwarts House First Name  Last Name    Birthday Best Hand  Arithmancy  ...  Ancient Runes  History of Magic  Transfiguration   Potions  Care of Magical Creatures     Charms  Flying
0      0      Ravenclaw     Tamara        Hsu  2000-03-30      Left     58384.0  ...     532.484226          5.231058      1039.788281  3.790369                   0.715939 -232.79405  -26.89
1      1      Slytherin      Erich    Paredes  1999-10-14     Right     67239.0  ...     367.760303          4.107170      1058.944592  7.248742                   0.091674 -252.18425 -113.45
2      2      Ravenclaw   Stephany      Braun  1999-11-03      Left     23702.0  ...     602.585284          3.555579      1088.088348  8.728531                  -0.515327 -227.34265   30.42
3      3     Gryffindor      Vesta  Mcmichael  2000-08-19      Left     32667.0  ...     523.982133         -4.809637       920.391449  0.821911                  -0.014040 -256.84675  200.64
4      4     Gryffindor     Gaston      Gibbs  1998-09-27      Left     60158.0  ...     599.324514         -3.444377       937.434724  4.311066                  -0.264070 -256.38730  157.98

[5 rows x 19 columns] (pair_plot.py:52)
[2025-09-22 13:56:28] [INFO] Colonnes numeriques utilisees pour le pair plot : ['Index', 'Arithmancy', 'Astronomy', 'Herbology', 'Defense Against the Dark Arts', 'Divination', 'Muggle Studies', 'Ancient Runes', 'History of Magic', 'Transfiguration', 'Care of Magical Creatures', 'Charms', 'Flying'] (pair_plot.py:79)
[2025-09-22 13:56:43] [INFO] Fermeture du programme ! (pair_plot.py:106)
[2025-09-22 13:56:43] [INFO] ----------------------------------------------------------------- (pair_plot.py:107)
[2025-09-22 13:59:44] [WARNING] Impossible de convertir la colonne 'Hogwarts House' en numérique. (pair_plot.py:50)
[2025-09-22 13:59:44] [WARNING] Impossible de convertir la colonne 'First Name' en numérique. (pair_plot.py:50)
[2025-09-22 13:59:44] [WARNING] Impossible de convertir la colonne 'Last Name' en numérique. (pair_plot.py:50)
[2025-09-22 13:59:44] [WARNING] Impossible de convertir la colonne 'Birthday' en numérique. (pair_plot.py:50)
[2025-09-22 13:59:44] [WARNING] Impossible de convertir la colonne 'Best Hand' en numérique. (pair_plot.py:50)
[2025-09-22 13:59:44] [INFO] Données du fichier '../datasets/dataset_train.csv' récupérer avec succès :
   Index Hogwarts House First Name  Last Name    Birthday Best Hand  Arithmancy  ...  Ancient Runes  History of Magic  Transfiguration   Potions  Care of Magical Creatures     Charms  Flying
0      0      Ravenclaw     Tamara        Hsu  2000-03-30      Left     58384.0  ...     532.484226          5.231058      1039.788281  3.790369                   0.715939 -232.79405  -26.89
1      1      Slytherin      Erich    Paredes  1999-10-14     Right     67239.0  ...     367.760303          4.107170      1058.944592  7.248742                   0.091674 -252.18425 -113.45
2      2      Ravenclaw   Stephany      Braun  1999-11-03      Left     23702.0  ...     602.585284          3.555579      1088.088348  8.728531                  -0.515327 -227.34265   30.42
3      3     Gryffindor      Vesta  Mcmichael  2000-08-19      Left     32667.0  ...     523.982133         -4.809637       920.391449  0.821911                  -0.014040 -256.84675  200.64
4      4     Gryffindor     Gaston      Gibbs  1998-09-27      Left     60158.0  ...     599.324514         -3.444377       937.434724  4.311066                  -0.264070 -256.38730  157.98

[5 rows x 19 columns] (pair_plot.py:52)
[2025-09-22 13:59:44] [INFO] Colonnes numeriques utilisees pour le pair plot : ['Index', 'Arithmancy', 'Astronomy', 'Herbology', 'Defense Against the Dark Arts', 'Divination', 'Muggle Studies', 'Ancient Runes', 'History of Magic', 'Transfiguration', 'Care of Magical Creatures', 'Charms', 'Flying'] (pair_plot.py:79)
[2025-09-22 13:59:45] [CRITICAL] Erreur CRITIQUE ! (pair_plot.py:102)
[2025-09-22 13:59:45] [INFO] Fermeture du programme ! (pair_plot.py:106)
[2025-09-22 13:59:45] [INFO] ----------------------------------------------------------------- (pair_plot.py:107)
[2025-09-22 13:59:51] [WARNING] Impossible de convertir la colonne 'Hogwarts House' en numérique. (pair_plot.py:50)
[2025-09-22 13:59:51] [WARNING] Impossible de convertir la colonne 'First Name' en numérique. (pair_plot.py:50)
[2025-09-22 13:59:51] [WARNING] Impossible de convertir la colonne 'Last Name' en numérique. (pair_plot.py:50)
[2025-09-22 13:59:51] [WARNING] Impossible de convertir la colonne 'Birthday' en numérique. (pair_plot.py:50)
[2025-09-22 13:59:51] [WARNING] Impossible de convertir la colonne 'Best Hand' en numérique. (pair_plot.py:50)
[2025-09-22 13:59:51] [INFO] Données du fichier '../datasets/dataset_train.csv' récupérer avec succès :
   Index Hogwarts House First Name  Last Name    Birthday Best Hand  Arithmancy  ...  Ancient Runes  History of Magic  Transfiguration   Potions  Care of Magical Creatures     Charms  Flying
0      0      Ravenclaw     Tamara        Hsu  2000-03-30      Left     58384.0  ...     532.484226          5.231058      1039.788281  3.790369                   0.715939 -232.79405  -26.89
1      1      Slytherin      Erich    Paredes  1999-10-14     Right     67239.0  ...     367.760303          4.107170      1058.944592  7.248742                   0.091674 -252.18425 -113.45
2      2      Ravenclaw   Stephany      Braun  1999-11-03      Left     23702.0  ...     602.585284          3.555579      1088.088348  8.728531                  -0.515327 -227.34265   30.42
3      3     Gryffindor      Vesta  Mcmichael  2000-08-19      Left     32667.0  ...     523.982133         -4.809637       920.391449  0.821911                  -0.014040 -256.84675  200.64
4      4     Gryffindor     Gaston      Gibbs  1998-09-27      Left     60158.0  ...     599.324514         -3.444377       937.434724  4.311066                  -0.264070 -256.38730  157.98

[5 rows x 19 columns] (pair_plot.py:52)
[2025-09-22 13:59:51] [INFO] Colonnes numeriques utilisees pour le pair plot : ['Index', 'Arithmancy', 'Astronomy', 'Herbology', 'Defense Against the Dark Arts', 'Divination', 'Muggle Studies', 'Ancient Runes', 'History of Magic', 'Transfiguration', 'Care of Magical Creatures', 'Charms', 'Flying'] (pair_plot.py:79)
[2025-09-22 13:59:52] [CRITICAL] Erreur CRITIQUE ! (pair_plot.py:102)
[2025-09-22 13:59:52] [INFO] Fermeture du programme ! (pair_plot.py:106)
[2025-09-22 13:59:52] [INFO] ----------------------------------------------------------------- (pair_plot.py:107)
[2025-09-22 14:00:39] [WARNING] Impossible de convertir la colonne 'Hogwarts House' en numérique. (pair_plot.py:50)
[2025-09-22 14:00:39] [WARNING] Impossible de convertir la colonne 'First Name' en numérique. (pair_plot.py:50)
[2025-09-22 14:00:39] [WARNING] Impossible de convertir la colonne 'Last Name' en numérique. (pair_plot.py:50)
[2025-09-22 14:00:39] [WARNING] Impossible de convertir la colonne 'Birthday' en numérique. (pair_plot.py:50)
[2025-09-22 14:00:39] [WARNING] Impossible de convertir la colonne 'Best Hand' en numérique. (pair_plot.py:50)
[2025-09-22 14:00:39] [INFO] Données du fichier '../datasets/dataset_train.csv' récupérer avec succès :
   Index Hogwarts House First Name  Last Name    Birthday Best Hand  Arithmancy  ...  Ancient Runes  History of Magic  Transfiguration   Potions  Care of Magical Creatures     Charms  Flying
0      0      Ravenclaw     Tamara        Hsu  2000-03-30      Left     58384.0  ...     532.484226          5.231058      1039.788281  3.790369                   0.715939 -232.79405  -26.89
1      1      Slytherin      Erich    Paredes  1999-10-14     Right     67239.0  ...     367.760303          4.107170      1058.944592  7.248742                   0.091674 -252.18425 -113.45
2      2      Ravenclaw   Stephany      Braun  1999-11-03      Left     23702.0  ...     602.585284          3.555579      1088.088348  8.728531                  -0.515327 -227.34265   30.42
3      3     Gryffindor      Vesta  Mcmichael  2000-08-19      Left     32667.0  ...     523.982133         -4.809637       920.391449  0.821911                  -0.014040 -256.84675  200.64
4      4     Gryffindor     Gaston      Gibbs  1998-09-27      Left     60158.0  ...     599.324514         -3.444377       937.434724  4.311066                  -0.264070 -256.38730  157.98

[5 rows x 19 columns] (pair_plot.py:52)
[2025-09-22 14:00:39] [INFO] Colonnes numériques utilisées pour le pair plot : ['Index', 'Arithmancy', 'Astronomy', 'Herbology', 'Defense Against the Dark Arts', 'Divination', 'Muggle Studies', 'Ancient Runes', 'History of Magic', 'Transfiguration', 'Potions', 'Care of Magical Creatures', 'Charms', 'Flying'] (pair_plot.py:73)
[2025-09-22 14:01:17] [INFO] Fermeture du programme ! (pair_plot.py:101)
[2025-09-22 14:01:17] [INFO] ----------------------------------------------------------------- (pair_plot.py:102)
[2025-09-22 14:01:46] [WARNING] Impossible de convertir la colonne 'Hogwarts House' en numérique. (pair_plot.py:50)
[2025-09-22 14:01:46] [WARNING] Impossible de convertir la colonne 'First Name' en numérique. (pair_plot.py:50)
[2025-09-22 14:01:46] [WARNING] Impossible de convertir la colonne 'Last Name' en numérique. (pair_plot.py:50)
[2025-09-22 14:01:46] [WARNING] Impossible de convertir la colonne 'Birthday' en numérique. (pair_plot.py:50)
[2025-09-22 14:01:46] [WARNING] Impossible de convertir la colonne 'Best Hand' en numérique. (pair_plot.py:50)
[2025-09-22 14:01:46] [INFO] Données du fichier '../datasets/dataset_train.csv' récupérer avec succès :
   Index Hogwarts House First Name  Last Name    Birthday Best Hand  Arithmancy  ...  Ancient Runes  History of Magic  Transfiguration   Potions  Care of Magical Creatures     Charms  Flying
0      0      Ravenclaw     Tamara        Hsu  2000-03-30      Left     58384.0  ...     532.484226          5.231058      1039.788281  3.790369                   0.715939 -232.79405  -26.89
1      1      Slytherin      Erich    Paredes  1999-10-14     Right     67239.0  ...     367.760303          4.107170      1058.944592  7.248742                   0.091674 -252.18425 -113.45
2      2      Ravenclaw   Stephany      Braun  1999-11-03      Left     23702.0  ...     602.585284          3.555579      1088.088348  8.728531                  -0.515327 -227.34265   30.42
3      3     Gryffindor      Vesta  Mcmichael  2000-08-19      Left     32667.0  ...     523.982133         -4.809637       920.391449  0.821911                  -0.014040 -256.84675  200.64
4      4     Gryffindor     Gaston      Gibbs  1998-09-27      Left     60158.0  ...     599.324514         -3.444377       937.434724  4.311066                  -0.264070 -256.38730  157.98

[5 rows x 19 columns] (pair_plot.py:52)
[2025-09-22 14:01:46] [INFO] Colonnes numériques utilisées pour le pair plot : ['Index', 'Arithmancy', 'Astronomy', 'Herbology', 'Defense Against the Dark Arts', 'Divination', 'Muggle Studies', 'Ancient Runes', 'History of Magic', 'Transfiguration', 'Potions', 'Care of Magical Creatures', 'Charms', 'Flying'] (pair_plot.py:73)
[2025-09-22 14:02:19] [INFO] Fermeture du programme ! (pair_plot.py:105)
[2025-09-22 14:02:19] [INFO] ----------------------------------------------------------------- (pair_plot.py:106)
[2025-09-22 14:02:35] [WARNING] Impossible de convertir la colonne 'Hogwarts House' en numérique. (pair_plot.py:50)
[2025-09-22 14:02:35] [WARNING] Impossible de convertir la colonne 'First Name' en numérique. (pair_plot.py:50)
[2025-09-22 14:02:35] [WARNING] Impossible de convertir la colonne 'Last Name' en numérique. (pair_plot.py:50)
[2025-09-22 14:02:35] [WARNING] Impossible de convertir la colonne 'Birthday' en numérique. (pair_plot.py:50)
[2025-09-22 14:02:35] [WARNING] Impossible de convertir la colonne 'Best Hand' en numérique. (pair_plot.py:50)
[2025-09-22 14:02:35] [INFO] Données du fichier '../datasets/dataset_train.csv' récupérer avec succès :
   Index Hogwarts House First Name  Last Name    Birthday Best Hand  Arithmancy  ...  Ancient Runes  History of Magic  Transfiguration   Potions  Care of Magical Creatures     Charms  Flying
0      0      Ravenclaw     Tamara        Hsu  2000-03-30      Left     58384.0  ...     532.484226          5.231058      1039.788281  3.790369                   0.715939 -232.79405  -26.89
1      1      Slytherin      Erich    Paredes  1999-10-14     Right     67239.0  ...     367.760303          4.107170      1058.944592  7.248742                   0.091674 -252.18425 -113.45
2      2      Ravenclaw   Stephany      Braun  1999-11-03      Left     23702.0  ...     602.585284          3.555579      1088.088348  8.728531                  -0.515327 -227.34265   30.42
3      3     Gryffindor      Vesta  Mcmichael  2000-08-19      Left     32667.0  ...     523.982133         -4.809637       920.391449  0.821911                  -0.014040 -256.84675  200.64
4      4     Gryffindor     Gaston      Gibbs  1998-09-27      Left     60158.0  ...     599.324514         -3.444377       937.434724  4.311066                  -0.264070 -256.38730  157.98

[5 rows x 19 columns] (pair_plot.py:52)
[2025-09-22 14:02:35] [INFO] Colonnes numériques utilisées pour le pair plot : ['Index', 'Arithmancy', 'Astronomy', 'Herbology', 'Defense Against the Dark Arts', 'Divination', 'Muggle Studies', 'Ancient Runes', 'History of Magic', 'Transfiguration', 'Potions', 'Care of Magical Creatures', 'Charms', 'Flying'] (pair_plot.py:73)
[2025-09-22 14:03:37] [INFO] Fermeture du programme ! (pair_plot.py:105)
[2025-09-22 14:03:37] [INFO] ----------------------------------------------------------------- (pair_plot.py:106)
[2025-09-22 14:03:40] [WARNING] Impossible de convertir la colonne 'Hogwarts House' en numérique. (pair_plot.py:50)
[2025-09-22 14:03:40] [WARNING] Impossible de convertir la colonne 'First Name' en numérique. (pair_plot.py:50)
[2025-09-22 14:03:40] [WARNING] Impossible de convertir la colonne 'Last Name' en numérique. (pair_plot.py:50)
[2025-09-22 14:03:40] [WARNING] Impossible de convertir la colonne 'Birthday' en numérique. (pair_plot.py:50)
[2025-09-22 14:03:40] [WARNING] Impossible de convertir la colonne 'Best Hand' en numérique. (pair_plot.py:50)
[2025-09-22 14:03:40] [INFO] Données du fichier '../datasets/dataset_train.csv' récupérer avec succès :
   Index Hogwarts House First Name  Last Name    Birthday Best Hand  Arithmancy  ...  Ancient Runes  History of Magic  Transfiguration   Potions  Care of Magical Creatures     Charms  Flying
0      0      Ravenclaw     Tamara        Hsu  2000-03-30      Left     58384.0  ...     532.484226          5.231058      1039.788281  3.790369                   0.715939 -232.79405  -26.89
1      1      Slytherin      Erich    Paredes  1999-10-14     Right     67239.0  ...     367.760303          4.107170      1058.944592  7.248742                   0.091674 -252.18425 -113.45
2      2      Ravenclaw   Stephany      Braun  1999-11-03      Left     23702.0  ...     602.585284          3.555579      1088.088348  8.728531                  -0.515327 -227.34265   30.42
3      3     Gryffindor      Vesta  Mcmichael  2000-08-19      Left     32667.0  ...     523.982133         -4.809637       920.391449  0.821911                  -0.014040 -256.84675  200.64
4      4     Gryffindor     Gaston      Gibbs  1998-09-27      Left     60158.0  ...     599.324514         -3.444377       937.434724  4.311066                  -0.264070 -256.38730  157.98

[5 rows x 19 columns] (pair_plot.py:52)
[2025-09-22 14:03:40] [INFO] Colonnes numériques utilisées pour le pair plot : ['Index', 'Arithmancy', 'Astronomy', 'Herbology', 'Defense Against the Dark Arts', 'Divination', 'Muggle Studies', 'Ancient Runes', 'History of Magic', 'Transfiguration', 'Potions', 'Care of Magical Creatures', 'Charms', 'Flying'] (pair_plot.py:73)
[2025-09-22 14:04:25] [INFO] Fermeture du programme ! (pair_plot.py:105)
[2025-09-22 14:04:25] [INFO] ----------------------------------------------------------------- (pair_plot.py:106)
[2025-09-22 14:09:08] [WARNING] Impossible de convertir la colonne 'Hogwarts House' en numérique. (pair_plot.py:50)
[2025-09-22 14:09:08] [WARNING] Impossible de convertir la colonne 'First Name' en numérique. (pair_plot.py:50)
[2025-09-22 14:09:08] [WARNING] Impossible de convertir la colonne 'Last Name' en numérique. (pair_plot.py:50)
[2025-09-22 14:09:08] [WARNING] Impossible de convertir la colonne 'Birthday' en numérique. (pair_plot.py:50)
[2025-09-22 14:09:08] [WARNING] Impossible de convertir la colonne 'Best Hand' en numérique. (pair_plot.py:50)
[2025-09-22 14:09:08] [INFO] Données du fichier '../datasets/dataset_train.csv' récupérer avec succès :
   Index Hogwarts House First Name  Last Name    Birthday Best Hand  Arithmancy  ...  Ancient Runes  History of Magic  Transfiguration   Potions  Care of Magical Creatures     Charms  Flying
0      0      Ravenclaw     Tamara        Hsu  2000-03-30      Left     58384.0  ...     532.484226          5.231058      1039.788281  3.790369                   0.715939 -232.79405  -26.89
1      1      Slytherin      Erich    Paredes  1999-10-14     Right     67239.0  ...     367.760303          4.107170      1058.944592  7.248742                   0.091674 -252.18425 -113.45
2      2      Ravenclaw   Stephany      Braun  1999-11-03      Left     23702.0  ...     602.585284          3.555579      1088.088348  8.728531                  -0.515327 -227.34265   30.42
3      3     Gryffindor      Vesta  Mcmichael  2000-08-19      Left     32667.0  ...     523.982133         -4.809637       920.391449  0.821911                  -0.014040 -256.84675  200.64
4      4     Gryffindor     Gaston      Gibbs  1998-09-27      Left     60158.0  ...     599.324514         -3.444377       937.434724  4.311066                  -0.264070 -256.38730  157.98

[5 rows x 19 columns] (pair_plot.py:52)
[2025-09-22 14:09:08] [INFO] Colonnes numériques utilisées pour le pair plot : ['Index', 'Arithmancy', 'Astronomy', 'Herbology', 'Defense Against the Dark Arts', 'Divination', 'Muggle Studies', 'Ancient Runes', 'History of Magic', 'Transfiguration', 'Potions', 'Care of Magical Creatures', 'Charms', 'Flying'] (pair_plot.py:73)
[2025-09-22 14:09:33] [INFO] Fermeture du programme ! (pair_plot.py:105)
[2025-09-22 14:09:33] [INFO] ----------------------------------------------------------------- (pair_plot.py:106)
[2025-09-22 14:10:07] [WARNING] Impossible de convertir la colonne 'Hogwarts House' en numérique. (pair_plot.py:50)
[2025-09-22 14:10:07] [WARNING] Impossible de convertir la colonne 'First Name' en numérique. (pair_plot.py:50)
[2025-09-22 14:10:07] [WARNING] Impossible de convertir la colonne 'Last Name' en numérique. (pair_plot.py:50)
[2025-09-22 14:10:07] [WARNING] Impossible de convertir la colonne 'Birthday' en numérique. (pair_plot.py:50)
[2025-09-22 14:10:07] [WARNING] Impossible de convertir la colonne 'Best Hand' en numérique. (pair_plot.py:50)
[2025-09-22 14:10:07] [INFO] Données du fichier '../datasets/dataset_train.csv' récupérer avec succès :
   Index Hogwarts House First Name  Last Name    Birthday Best Hand  Arithmancy  ...  Ancient Runes  History of Magic  Transfiguration   Potions  Care of Magical Creatures     Charms  Flying
0      0      Ravenclaw     Tamara        Hsu  2000-03-30      Left     58384.0  ...     532.484226          5.231058      1039.788281  3.790369                   0.715939 -232.79405  -26.89
1      1      Slytherin      Erich    Paredes  1999-10-14     Right     67239.0  ...     367.760303          4.107170      1058.944592  7.248742                   0.091674 -252.18425 -113.45
2      2      Ravenclaw   Stephany      Braun  1999-11-03      Left     23702.0  ...     602.585284          3.555579      1088.088348  8.728531                  -0.515327 -227.34265   30.42
3      3     Gryffindor      Vesta  Mcmichael  2000-08-19      Left     32667.0  ...     523.982133         -4.809637       920.391449  0.821911                  -0.014040 -256.84675  200.64
4      4     Gryffindor     Gaston      Gibbs  1998-09-27      Left     60158.0  ...     599.324514         -3.444377       937.434724  4.311066                  -0.264070 -256.38730  157.98

[5 rows x 19 columns] (pair_plot.py:52)
[2025-09-22 14:10:07] [INFO] Colonnes numériques utilisées pour le pair plot : ['Index', 'Arithmancy', 'Astronomy', 'Herbology', 'Defense Against the Dark Arts', 'Divination', 'Muggle Studies', 'Ancient Runes', 'History of Magic', 'Transfiguration', 'Potions', 'Care of Magical Creatures', 'Charms', 'Flying'] (pair_plot.py:73)
[2025-09-22 14:12:52] [INFO] Fermeture du programme ! (pair_plot.py:105)
[2025-09-22 14:12:52] [INFO] ----------------------------------------------------------------- (pair_plot.py:106)
[2025-09-22 14:13:03] [WARNING] Impossible de convertir la colonne 'Hogwarts House' en numérique. (pair_plot.py:50)
[2025-09-22 14:13:03] [WARNING] Impossible de convertir la colonne 'First Name' en numérique. (pair_plot.py:50)
[2025-09-22 14:13:03] [WARNING] Impossible de convertir la colonne 'Last Name' en numérique. (pair_plot.py:50)
[2025-09-22 14:13:03] [WARNING] Impossible de convertir la colonne 'Birthday' en numérique. (pair_plot.py:50)
[2025-09-22 14:13:03] [WARNING] Impossible de convertir la colonne 'Best Hand' en numérique. (pair_plot.py:50)
[2025-09-22 14:13:03] [INFO] Données du fichier '../datasets/dataset_train.csv' récupérer avec succès :
   Index Hogwarts House First Name  Last Name    Birthday Best Hand  Arithmancy  ...  Ancient Runes  History of Magic  Transfiguration   Potions  Care of Magical Creatures     Charms  Flying
0      0      Ravenclaw     Tamara        Hsu  2000-03-30      Left     58384.0  ...     532.484226          5.231058      1039.788281  3.790369                   0.715939 -232.79405  -26.89
1      1      Slytherin      Erich    Paredes  1999-10-14     Right     67239.0  ...     367.760303          4.107170      1058.944592  7.248742                   0.091674 -252.18425 -113.45
2      2      Ravenclaw   Stephany      Braun  1999-11-03      Left     23702.0  ...     602.585284          3.555579      1088.088348  8.728531                  -0.515327 -227.34265   30.42
3      3     Gryffindor      Vesta  Mcmichael  2000-08-19      Left     32667.0  ...     523.982133         -4.809637       920.391449  0.821911                  -0.014040 -256.84675  200.64
4      4     Gryffindor     Gaston      Gibbs  1998-09-27      Left     60158.0  ...     599.324514         -3.444377       937.434724  4.311066                  -0.264070 -256.38730  157.98

[5 rows x 19 columns] (pair_plot.py:52)
[2025-09-22 14:13:03] [INFO] Colonnes numériques utilisées pour le pair plot : ['Index', 'Arithmancy', 'Astronomy', 'Herbology', 'Defense Against the Dark Arts', 'Divination', 'Muggle Studies', 'Ancient Runes', 'History of Magic', 'Transfiguration', 'Potions', 'Care of Magical Creatures', 'Charms', 'Flying'] (pair_plot.py:73)
[2025-09-22 14:14:40] [INFO] Fermeture du programme ! (pair_plot.py:105)
[2025-09-22 14:14:40] [INFO] ----------------------------------------------------------------- (pair_plot.py:106)
[2025-09-22 14:14:43] [WARNING] Impossible de convertir la colonne 'Hogwarts House' en numérique. (pair_plot.py:50)
[2025-09-22 14:14:43] [WARNING] Impossible de convertir la colonne 'First Name' en numérique. (pair_plot.py:50)
[2025-09-22 14:14:43] [WARNING] Impossible de convertir la colonne 'Last Name' en numérique. (pair_plot.py:50)
[2025-09-22 14:14:43] [WARNING] Impossible de convertir la colonne 'Birthday' en numérique. (pair_plot.py:50)
[2025-09-22 14:14:43] [WARNING] Impossible de convertir la colonne 'Best Hand' en numérique. (pair_plot.py:50)
[2025-09-22 14:14:43] [INFO] Données du fichier '../datasets/dataset_train.csv' récupérer avec succès :
   Index Hogwarts House First Name  Last Name    Birthday Best Hand  Arithmancy  ...  Ancient Runes  History of Magic  Transfiguration   Potions  Care of Magical Creatures     Charms  Flying
0      0      Ravenclaw     Tamara        Hsu  2000-03-30      Left     58384.0  ...     532.484226          5.231058      1039.788281  3.790369                   0.715939 -232.79405  -26.89
1      1      Slytherin      Erich    Paredes  1999-10-14     Right     67239.0  ...     367.760303          4.107170      1058.944592  7.248742                   0.091674 -252.18425 -113.45
2      2      Ravenclaw   Stephany      Braun  1999-11-03      Left     23702.0  ...     602.585284          3.555579      1088.088348  8.728531                  -0.515327 -227.34265   30.42
3      3     Gryffindor      Vesta  Mcmichael  2000-08-19      Left     32667.0  ...     523.982133         -4.809637       920.391449  0.821911                  -0.014040 -256.84675  200.64
4      4     Gryffindor     Gaston      Gibbs  1998-09-27      Left     60158.0  ...     599.324514         -3.444377       937.434724  4.311066                  -0.264070 -256.38730  157.98

[5 rows x 19 columns] (pair_plot.py:52)
[2025-09-22 14:14:43] [INFO] Colonnes numériques utilisées pour le pair plot : ['Index', 'Arithmancy', 'Astronomy', 'Herbology', 'Defense Against the Dark Arts', 'Divination', 'Muggle Studies', 'Ancient Runes', 'History of Magic', 'Transfiguration', 'Potions', 'Care of Magical Creatures', 'Charms', 'Flying'] (pair_plot.py:73)
[2025-09-22 14:45:57] [INFO] Fermeture du programme ! (pair_plot.py:105)
[2025-09-22 14:45:57] [INFO] ----------------------------------------------------------------- (pair_plot.py:106)
